TN:
SF:src\services\CoolifyService.ts
FN:655,get
FN:107,<instance_members_initializer>
FN:110,CoolifyService
FN:118,fetchWithAuth
FN:122,fetchValidatedArray
FN:140,fetchValidatedObject
FN:149,extractBackupId
FN:176,mapBackupItem
FN:216,normalizeBackupCollection
FN:239,requestWithFallback
FN:256,getApplications
FN:264,getDeployments
FN:272,getDeploymentsByApplication
FN:287,getDeployment
FN:295,getDeploymentLogs
FN:300,startDeployment
FN:311,cancelDeployment
FN:323,executeApplicationAction
FN:343,startApplication
FN:347,stopApplication
FN:351,restartApplication
FN:355,getServices
FN:363,getService
FN:371,executeServiceAction
FN:390,startService
FN:394,stopService
FN:398,restartService
FN:402,getDatabases
FN:410,getDatabase
FN:418,executeDatabaseAction
FN:437,startDatabase
FN:441,stopDatabase
FN:445,restartDatabase
FN:449,listDatabaseBackups
FN:477,createDatabaseBackup
FN:495,restoreDatabaseBackup
FN:518,normalizeProjectCollection
FN:537,getProjects
FN:560,getProject
FN:568,listEnvironmentVariables
FN:578,createEnvironmentVariable
FN:594,updateEnvironmentVariable
FN:610,deleteEnvironmentVariable
FN:626,verifyToken
FN:640,testConnection
FNF:45
FNH:12
FNDA:0,get
FNDA:3,<instance_members_initializer>
FNDA:3,CoolifyService
FNDA:1,fetchWithAuth
FNDA:1,fetchValidatedArray
FNDA:0,fetchValidatedObject
FNDA:0,extractBackupId
FNDA:0,mapBackupItem
FNDA:0,normalizeBackupCollection
FNDA:0,requestWithFallback
FNDA:0,getApplications
FNDA:0,getDeployments
FNDA:0,getDeploymentsByApplication
FNDA:0,getDeployment
FNDA:0,getDeploymentLogs
FNDA:1,startDeployment
FNDA:1,cancelDeployment
FNDA:1,executeApplicationAction
FNDA:1,startApplication
FNDA:0,stopApplication
FNDA:0,restartApplication
FNDA:0,getServices
FNDA:0,getService
FNDA:0,executeServiceAction
FNDA:0,startService
FNDA:0,stopService
FNDA:0,restartService
FNDA:0,getDatabases
FNDA:0,getDatabase
FNDA:0,executeDatabaseAction
FNDA:0,startDatabase
FNDA:0,stopDatabase
FNDA:0,restartDatabase
FNDA:0,listDatabaseBackups
FNDA:0,createDatabaseBackup
FNDA:0,restoreDatabaseBackup
FNDA:0,normalizeProjectCollection
FNDA:0,getProjects
FNDA:0,getProject
FNDA:1,listEnvironmentVariables
FNDA:1,createEnvironmentVariable
FNDA:1,updateEnvironmentVariable
FNDA:1,deleteEnvironmentVariable
FNDA:0,verifyToken
FNDA:0,testConnection
DA:1,1
DA:2,1
DA:3,1
DA:4,1
DA:5,1
DA:6,1
DA:7,1
DA:8,1
DA:9,1
DA:10,1
DA:11,1
DA:12,1
DA:13,1
DA:14,1
DA:15,1
DA:16,1
DA:17,1
DA:18,1
DA:19,1
DA:20,1
DA:21,1
DA:22,1
DA:23,1
DA:24,1
DA:25,1
DA:26,1
DA:27,1
DA:28,1
DA:29,1
DA:30,1
DA:31,1
DA:32,1
DA:33,1
DA:34,1
DA:35,1
DA:36,1
DA:37,1
DA:38,1
DA:39,1
DA:40,1
DA:41,1
DA:42,1
DA:43,1
DA:44,1
DA:45,1
DA:46,1
DA:47,1
DA:48,1
DA:49,1
DA:50,1
DA:51,1
DA:52,1
DA:53,1
DA:54,1
DA:55,1
DA:56,1
DA:57,1
DA:58,1
DA:59,1
DA:60,1
DA:61,1
DA:62,1
DA:63,1
DA:64,1
DA:65,1
DA:66,1
DA:67,1
DA:68,1
DA:69,1
DA:70,1
DA:71,1
DA:72,1
DA:73,1
DA:74,1
DA:75,1
DA:76,1
DA:77,1
DA:78,1
DA:79,1
DA:80,1
DA:81,1
DA:82,1
DA:83,1
DA:84,1
DA:85,1
DA:86,1
DA:87,1
DA:88,1
DA:89,1
DA:90,1
DA:91,1
DA:92,1
DA:93,1
DA:94,1
DA:95,1
DA:96,1
DA:97,1
DA:98,1
DA:99,1
DA:100,1
DA:101,1
DA:102,1
DA:103,1
DA:104,1
DA:105,1
DA:106,1
DA:107,1
DA:108,3
DA:109,3
DA:110,3
DA:111,3
DA:112,3
DA:113,3
DA:114,3
DA:115,3
DA:116,3
DA:117,3
DA:118,3
DA:119,1
DA:120,1
DA:121,3
DA:122,3
DA:123,1
DA:124,1
DA:125,1
DA:126,1
DA:127,1
DA:128,1
DA:129,1
DA:130,1
DA:131,0
DA:132,0
DA:133,0
DA:134,0
DA:135,0
DA:136,1
DA:137,1
DA:138,1
DA:139,3
DA:140,3
DA:141,0
DA:142,0
DA:143,0
DA:144,0
DA:145,0
DA:146,0
DA:147,0
DA:148,3
DA:149,3
DA:150,0
DA:151,0
DA:152,0
DA:153,0
DA:154,0
DA:155,0
DA:156,0
DA:157,0
DA:158,0
DA:159,0
DA:160,0
DA:161,0
DA:162,0
DA:163,0
DA:164,0
DA:165,0
DA:166,0
DA:167,0
DA:168,0
DA:169,0
DA:170,0
DA:171,0
DA:172,0
DA:173,0
DA:174,0
DA:175,3
DA:176,3
DA:177,0
DA:178,0
DA:179,0
DA:180,0
DA:181,0
DA:182,0
DA:183,0
DA:184,0
DA:185,0
DA:186,0
DA:187,0
DA:188,0
DA:189,0
DA:190,0
DA:191,0
DA:192,0
DA:193,0
DA:194,0
DA:195,0
DA:196,0
DA:197,0
DA:198,0
DA:199,0
DA:200,0
DA:201,0
DA:202,0
DA:203,0
DA:204,0
DA:205,0
DA:206,0
DA:207,0
DA:208,0
DA:209,0
DA:210,0
DA:211,0
DA:212,0
DA:213,0
DA:214,0
DA:215,3
DA:216,3
DA:217,0
DA:218,0
DA:219,0
DA:220,0
DA:221,0
DA:222,0
DA:223,0
DA:224,0
DA:225,0
DA:226,0
DA:227,0
DA:228,0
DA:229,0
DA:230,0
DA:231,0
DA:232,0
DA:233,0
DA:234,0
DA:235,0
DA:236,0
DA:237,0
DA:238,3
DA:239,3
DA:240,0
DA:241,0
DA:242,0
DA:243,0
DA:244,0
DA:245,0
DA:246,0
DA:247,0
DA:248,0
DA:249,0
DA:250,0
DA:251,0
DA:252,0
DA:253,0
DA:254,0
DA:255,3
DA:256,3
DA:257,0
DA:258,0
DA:259,0
DA:260,0
DA:261,0
DA:262,0
DA:263,3
DA:264,3
DA:265,0
DA:266,0
DA:267,0
DA:268,0
DA:269,0
DA:270,0
DA:271,3
DA:272,3
DA:273,0
DA:274,0
DA:275,0
DA:276,0
DA:277,0
DA:278,0
DA:279,0
DA:280,0
DA:281,0
DA:282,0
DA:283,0
DA:284,0
DA:285,0
DA:286,3
DA:287,3
DA:288,0
DA:289,0
DA:290,0
DA:291,0
DA:292,0
DA:293,0
DA:294,3
DA:295,3
DA:296,0
DA:297,0
DA:298,0
DA:299,3
DA:300,3
DA:301,1
DA:302,1
DA:303,1
DA:304,1
DA:305,1
DA:306,0
DA:307,0
DA:308,0
DA:309,1
DA:310,3
DA:311,3
DA:312,1
DA:313,1
DA:314,1
DA:315,1
DA:316,1
DA:317,1
DA:318,0
DA:319,0
DA:320,0
DA:321,1
DA:322,3
DA:323,3
DA:324,1
DA:325,1
DA:326,1
DA:327,1
DA:328,1
DA:329,1
DA:330,1
DA:331,1
DA:332,1
DA:333,0
DA:334,0
DA:335,0
DA:336,0
DA:337,0
DA:338,0
DA:339,1
DA:340,1
DA:341,1
DA:342,3
DA:343,3
DA:344,1
DA:345,1
DA:346,3
DA:347,3
DA:348,0
DA:349,0
DA:350,3
DA:351,3
DA:352,0
DA:353,0
DA:354,3
DA:355,3
DA:356,0
DA:357,0
DA:358,0
DA:359,0
DA:360,0
DA:361,0
DA:362,3
DA:363,3
DA:364,0
DA:365,0
DA:366,0
DA:367,0
DA:368,0
DA:369,0
DA:370,3
DA:371,3
DA:372,0
DA:373,0
DA:374,0
DA:375,0
DA:376,0
DA:377,0
DA:378,0
DA:379,0
DA:380,0
DA:381,0
DA:382,0
DA:383,0
DA:384,0
DA:385,0
DA:386,0
DA:387,0
DA:388,0
DA:389,3
DA:390,3
DA:391,0
DA:392,0
DA:393,3
DA:394,3
DA:395,0
DA:396,0
DA:397,3
DA:398,3
DA:399,0
DA:400,0
DA:401,3
DA:402,3
DA:403,0
DA:404,0
DA:405,0
DA:406,0
DA:407,0
DA:408,0
DA:409,3
DA:410,3
DA:411,0
DA:412,0
DA:413,0
DA:414,0
DA:415,0
DA:416,0
DA:417,3
DA:418,3
DA:419,0
DA:420,0
DA:421,0
DA:422,0
DA:423,0
DA:424,0
DA:425,0
DA:426,0
DA:427,0
DA:428,0
DA:429,0
DA:430,0
DA:431,0
DA:432,0
DA:433,0
DA:434,0
DA:435,0
DA:436,3
DA:437,3
DA:438,0
DA:439,0
DA:440,3
DA:441,3
DA:442,0
DA:443,0
DA:444,3
DA:445,3
DA:446,0
DA:447,0
DA:448,3
DA:449,3
DA:450,0
DA:451,0
DA:452,0
DA:453,0
DA:454,0
DA:455,0
DA:456,0
DA:457,0
DA:458,0
DA:459,0
DA:460,0
DA:461,0
DA:462,0
DA:463,0
DA:464,0
DA:465,0
DA:466,0
DA:467,0
DA:468,0
DA:469,0
DA:470,0
DA:471,0
DA:472,0
DA:473,0
DA:474,0
DA:475,0
DA:476,3
DA:477,3
DA:478,0
DA:479,0
DA:480,0
DA:481,0
DA:482,0
DA:483,0
DA:484,0
DA:485,0
DA:486,0
DA:487,0
DA:488,0
DA:489,0
DA:490,0
DA:491,0
DA:492,0
DA:493,0
DA:494,3
DA:495,3
DA:496,0
DA:497,0
DA:498,0
DA:499,0
DA:500,0
DA:501,0
DA:502,0
DA:503,0
DA:504,0
DA:505,0
DA:506,0
DA:507,0
DA:508,0
DA:509,0
DA:510,0
DA:511,0
DA:512,0
DA:513,0
DA:514,0
DA:515,0
DA:516,0
DA:517,3
DA:518,3
DA:519,0
DA:520,0
DA:521,0
DA:522,0
DA:523,0
DA:524,0
DA:525,0
DA:526,0
DA:527,0
DA:528,0
DA:529,0
DA:530,0
DA:531,0
DA:532,0
DA:533,0
DA:534,0
DA:535,0
DA:536,3
DA:537,3
DA:538,0
DA:539,0
DA:540,0
DA:541,0
DA:542,0
DA:543,0
DA:544,0
DA:545,0
DA:546,0
DA:547,0
DA:548,0
DA:549,0
DA:550,0
DA:551,0
DA:552,0
DA:553,0
DA:554,0
DA:555,0
DA:556,0
DA:557,0
DA:558,0
DA:559,3
DA:560,3
DA:561,0
DA:562,0
DA:563,0
DA:564,0
DA:565,0
DA:566,0
DA:567,3
DA:568,3
DA:569,1
DA:570,1
DA:571,1
DA:572,1
DA:573,1
DA:574,1
DA:575,1
DA:576,1
DA:577,3
DA:578,3
DA:579,1
DA:580,1
DA:581,1
DA:582,1
DA:583,1
DA:584,1
DA:585,1
DA:586,1
DA:587,1
DA:588,1
DA:589,1
DA:590,1
DA:591,1
DA:592,1
DA:593,3
DA:594,3
DA:595,1
DA:596,1
DA:597,1
DA:598,1
DA:599,1
DA:600,1
DA:601,1
DA:602,1
DA:603,1
DA:604,1
DA:605,1
DA:606,1
DA:607,1
DA:608,1
DA:609,3
DA:610,3
DA:611,1
DA:612,1
DA:613,1
DA:614,1
DA:615,1
DA:616,1
DA:617,1
DA:618,1
DA:619,1
DA:620,1
DA:621,3
DA:622,3
DA:623,3
DA:624,3
DA:625,3
DA:626,3
DA:627,0
DA:628,0
DA:629,0
DA:630,0
DA:631,0
DA:632,0
DA:633,0
DA:634,0
DA:635,3
DA:636,3
DA:637,3
DA:638,3
DA:639,3
DA:640,3
DA:641,0
DA:642,0
DA:643,0
DA:644,0
DA:645,0
DA:646,0
DA:647,0
DA:648,0
DA:649,0
DA:650,0
DA:651,0
DA:652,0
DA:653,3
DA:654,1
DA:655,1
LF:655
LH:297
BRDA:107,0,0,3
BRDA:110,1,0,3
BRDA:118,2,0,1
BRDA:122,3,0,1
BRDA:130,4,0,0
BRDA:300,5,0,1
BRDA:305,6,0,0
BRDA:311,7,0,1
BRDA:317,8,0,0
BRDA:323,9,0,1
BRDA:332,10,0,0
BRDA:340,11,0,0
BRDA:343,12,0,1
BRDA:568,13,0,1
BRDA:578,14,0,1
BRDA:594,15,0,1
BRDA:610,16,0,1
BRF:17
BRH:12
end_of_record
TN:
SF:src\services\HttpClient.ts
FN:11,<instance_members_initializer>
FN:12,CoolifyApiError
FN:31,<instance_members_initializer>
FN:36,HttpClient
FN:42,get
FN:46,request
FN:102,toApiError
FNF:7
FNH:7
FNDA:4,<instance_members_initializer>
FNDA:4,CoolifyApiError
FNDA:8,<instance_members_initializer>
FNDA:8,HttpClient
FNDA:8,get
FNDA:12,request
FNDA:2,toApiError
DA:1,1
DA:2,1
DA:3,1
DA:4,1
DA:5,1
DA:6,1
DA:7,1
DA:8,1
DA:9,1
DA:10,1
DA:11,1
DA:12,4
DA:13,4
DA:14,4
DA:15,4
DA:16,4
DA:17,4
DA:18,4
DA:19,4
DA:20,4
DA:21,4
DA:22,1
DA:23,1
DA:24,1
DA:25,1
DA:26,1
DA:27,1
DA:28,1
DA:29,1
DA:30,1
DA:31,1
DA:32,8
DA:33,8
DA:34,8
DA:35,8
DA:36,8
DA:37,8
DA:38,8
DA:39,8
DA:40,8
DA:41,8
DA:42,8
DA:43,8
DA:44,8
DA:45,8
DA:46,8
DA:47,12
DA:48,12
DA:49,12
DA:50,12
DA:51,12
DA:52,12
DA:53,12
DA:54,8
DA:55,8
DA:56,12
DA:57,12
DA:58,12
DA:59,12
DA:60,12
DA:61,12
DA:62,10
DA:63,12
DA:64,2
DA:65,2
DA:66,8
DA:67,12
DA:68,1
DA:69,1
DA:70,7
DA:71,12
DA:72,12
DA:73,7
DA:74,7
DA:75,0
DA:76,0
DA:77,12
DA:78,4
DA:79,2
DA:80,2
DA:81,2
DA:82,4
DA:83,1
DA:84,1
DA:85,1
DA:86,1
DA:87,1
DA:88,1
DA:89,1
DA:90,1
DA:91,1
DA:92,1
DA:93,1
DA:94,1
DA:95,1
DA:96,1
DA:97,12
DA:98,12
DA:99,12
DA:100,12
DA:101,8
DA:102,8
DA:103,2
DA:104,2
DA:105,2
DA:106,1
DA:107,1
DA:108,1
DA:109,1
DA:110,1
DA:111,1
DA:112,1
DA:113,1
DA:114,2
DA:115,0
DA:116,0
DA:117,0
DA:118,0
DA:119,0
DA:120,0
DA:121,0
DA:122,1
DA:123,2
DA:124,0
DA:125,0
DA:126,0
DA:127,0
DA:128,0
DA:129,0
DA:130,0
DA:131,1
DA:132,2
DA:133,0
DA:134,0
DA:135,0
DA:136,0
DA:137,0
DA:138,0
DA:139,0
DA:140,1
DA:141,1
DA:142,1
DA:143,1
DA:144,1
DA:145,1
DA:146,1
DA:147,1
DA:148,1
DA:149,0
DA:150,0
DA:151,0
DA:152,0
DA:153,0
DA:154,0
DA:155,0
DA:156,0
DA:157,8
LF:157
LH:126
BRDA:11,0,0,4
BRDA:12,1,0,4
BRDA:31,2,0,8
BRDA:36,3,0,8
BRDA:39,4,0,5
BRDA:42,5,0,8
BRDA:46,6,0,12
BRDA:53,7,0,8
BRDA:62,8,0,10
BRDA:63,9,0,2
BRDA:66,10,0,8
BRDA:67,11,0,1
BRDA:70,12,0,7
BRDA:71,13,0,0
BRDA:72,14,0,7
BRDA:75,15,0,0
BRDA:77,16,0,4
BRDA:78,17,0,2
BRDA:82,18,0,1
BRDA:82,19,0,1
BRDA:97,20,0,0
BRDA:102,21,0,2
BRDA:105,22,0,1
BRDA:114,23,0,0
BRDA:122,24,0,1
BRDA:123,25,0,0
BRDA:131,26,0,1
BRDA:132,27,0,0
BRDA:140,28,0,1
BRDA:149,29,0,0
BRF:30
BRH:23
end_of_record
TN:
SF:src\services\LoggerService.ts
FN:12,<static_initializer>
FN:12,<instance_members_initializer>
FN:20,LoggerService
FN:31,appendLine
FN:34,show
FN:38,tryGetVscodeApi
FN:51,getInstance
FN:59,show
FN:63,debug
FN:67,info
FN:71,warn
FN:75,error
FN:79,write
FN:100,shouldLog
FN:108,toSafeDetails
FN:133,redact
FNF:16
FNH:5
FNDA:1,<static_initializer>
FNDA:1,<instance_members_initializer>
FNDA:1,LoggerService
FNDA:0,appendLine
FNDA:0,show
FNDA:1,tryGetVscodeApi
FNDA:1,getInstance
FNDA:0,show
FNDA:0,debug
FNDA:0,info
FNDA:0,warn
FNDA:0,error
FNDA:0,write
FNDA:0,shouldLog
FNDA:0,toSafeDetails
FNDA:0,redact
DA:1,1
DA:2,1
DA:3,1
DA:4,1
DA:5,1
DA:6,1
DA:7,1
DA:8,1
DA:9,1
DA:10,1
DA:11,1
DA:12,1
DA:13,1
DA:14,1
DA:15,1
DA:16,1
DA:17,1
DA:18,1
DA:19,1
DA:20,1
DA:21,1
DA:22,1
DA:23,1
DA:24,0
DA:25,0
DA:26,0
DA:27,0
DA:28,0
DA:29,1
DA:30,1
DA:31,1
DA:32,0
DA:33,1
DA:34,1
DA:35,1
DA:36,1
DA:37,1
DA:38,1
DA:39,1
DA:40,1
DA:41,1
DA:42,0
DA:43,0
DA:44,1
DA:45,1
DA:46,1
DA:47,1
DA:48,1
DA:49,1
DA:50,1
DA:51,1
DA:52,1
DA:53,1
DA:54,1
DA:55,1
DA:56,1
DA:57,1
DA:58,1
DA:59,1
DA:60,0
DA:61,0
DA:62,1
DA:63,1
DA:64,0
DA:65,0
DA:66,1
DA:67,1
DA:68,0
DA:69,0
DA:70,1
DA:71,1
DA:72,0
DA:73,0
DA:74,1
DA:75,1
DA:76,0
DA:77,0
DA:78,1
DA:79,1
DA:80,0
DA:81,0
DA:82,0
DA:83,0
DA:84,0
DA:85,0
DA:86,0
DA:87,0
DA:88,0
DA:89,0
DA:90,0
DA:91,0
DA:92,0
DA:93,0
DA:94,0
DA:95,0
DA:96,0
DA:97,0
DA:98,0
DA:99,1
DA:100,1
DA:101,0
DA:102,0
DA:103,0
DA:104,0
DA:105,0
DA:106,0
DA:107,1
DA:108,1
DA:109,0
DA:110,0
DA:111,0
DA:112,0
DA:113,0
DA:114,0
DA:115,0
DA:116,0
DA:117,0
DA:118,0
DA:119,0
DA:120,0
DA:121,0
DA:122,0
DA:123,0
DA:124,0
DA:125,0
DA:126,0
DA:127,0
DA:128,0
DA:129,0
DA:130,0
DA:131,0
DA:132,1
DA:133,1
DA:134,0
DA:135,0
DA:136,0
DA:137,0
DA:138,0
DA:139,1
DA:140,1
DA:141,1
LF:141
LH:70
BRDA:12,0,0,1
BRDA:12,1,0,1
BRDA:20,2,0,1
BRDA:23,3,0,0
BRDA:38,4,0,1
BRDA:41,5,0,0
BRDA:51,6,0,1
BRF:7
BRH:5
end_of_record
TN:
SF:src\utils\displaySanitizer.ts
FN:3,sanitizeDisplayText
FN:11,sanitizeDisplayTextOrFallback
FNF:2
FNH:2
FNDA:5,sanitizeDisplayText
FNDA:2,sanitizeDisplayTextOrFallback
DA:1,1
DA:2,1
DA:3,5
DA:4,5
DA:5,2
DA:6,2
DA:7,3
DA:8,3
DA:9,3
DA:10,1
DA:11,2
DA:12,2
DA:13,2
DA:14,2
DA:15,2
DA:16,2
DA:17,2
LF:17
LH:17
BRDA:3,0,0,5
BRDA:4,1,0,2
BRDA:7,2,0,3
BRDA:11,3,0,2
BRDA:16,4,0,1
BRDA:16,5,0,1
BRF:6
BRH:6
end_of_record
TN:
SF:src\utils\envFile.ts
FN:9,parseQuotedValue
FN:26,parseRawValue
FN:44,parseEnvFile
FNF:3
FNH:3
FNDA:2,parseQuotedValue
FNDA:6,parseRawValue
FNDA:4,parseEnvFile
DA:1,1
DA:2,1
DA:3,1
DA:4,1
DA:5,1
DA:6,1
DA:7,1
DA:8,1
DA:9,2
DA:10,2
DA:11,2
DA:12,2
DA:13,2
DA:14,2
DA:15,1
DA:16,1
DA:17,1
DA:18,1
DA:19,1
DA:20,1
DA:21,1
DA:22,1
DA:23,1
DA:24,1
DA:25,1
DA:26,6
DA:27,6
DA:28,6
DA:29,0
DA:30,0
DA:31,6
DA:32,6
DA:33,2
DA:34,2
DA:35,4
DA:36,4
DA:37,6
DA:38,1
DA:39,1
DA:40,3
DA:41,3
DA:42,3
DA:43,1
DA:44,4
DA:45,4
DA:46,4
DA:47,4
DA:48,4
DA:49,9
DA:50,9
DA:51,1
DA:52,1
DA:53,8
DA:54,8
DA:55,9
DA:56,9
DA:57,9
DA:58,9
DA:59,9
DA:60,1
DA:61,1
DA:62,7
DA:63,7
DA:64,9
DA:65,1
DA:66,1
DA:67,6
DA:68,6
DA:69,6
DA:70,6
DA:71,6
DA:72,6
DA:73,6
DA:74,6
DA:75,6
DA:76,4
DA:77,4
DA:78,4
DA:79,4
LF:79
LH:77
BRDA:9,0,0,2
BRDA:12,1,0,0
BRDA:14,2,0,1
BRDA:26,3,0,6
BRDA:28,4,0,0
BRDA:32,5,0,5
BRDA:32,6,0,2
BRDA:35,7,0,4
BRDA:37,8,0,1
BRDA:40,9,0,3
BRDA:44,10,0,4
BRDA:48,11,0,9
BRDA:50,12,0,1
BRDA:53,13,0,8
BRDA:55,14,0,1
BRDA:56,15,0,7
BRDA:59,16,0,1
BRDA:62,17,0,7
BRDA:64,18,0,1
BRDA:67,19,0,6
BRF:20
BRH:18
end_of_record
TN:
SF:src\utils\payloadGuards.ts
FN:11,isNonEmptyString
FN:15,isValidCoolifyApplication
FN:30,isValidCoolifyDeployment
FN:56,isValidEnvironmentVariable
FN:71,isValidApplicationLifecycleResponse
FN:89,parseArrayPayload
FN:105,parseObjectPayload
FN:117,isValidCoolifyService
FN:130,isValidCoolifyDatabase
FN:145,isValidCoolifyProject
FNF:10
FNH:10
FNDA:44,isNonEmptyString
FNDA:5,isValidCoolifyApplication
FNDA:5,isValidCoolifyDeployment
FNDA:3,isValidEnvironmentVariable
FNDA:3,isValidApplicationLifecycleResponse
FNDA:3,parseArrayPayload
FNDA:1,parseObjectPayload
FNDA:2,isValidCoolifyService
FNDA:2,isValidCoolifyDatabase
FNDA:2,isValidCoolifyProject
DA:1,1
DA:2,1
DA:3,1
DA:4,1
DA:5,1
DA:6,1
DA:7,1
DA:8,1
DA:9,1
DA:10,1
DA:11,44
DA:12,44
DA:13,44
DA:14,1
DA:15,5
DA:16,5
DA:17,5
DA:18,5
DA:19,1
DA:20,1
DA:21,4
DA:22,4
DA:23,4
DA:24,4
DA:25,5
DA:26,2
DA:27,5
DA:28,5
DA:29,1
DA:30,5
DA:31,5
DA:32,5
DA:33,5
DA:34,1
DA:35,1
DA:36,4
DA:37,4
DA:38,4
DA:39,4
DA:40,5
DA:41,5
DA:42,5
DA:43,5
DA:44,5
DA:45,5
DA:46,5
DA:47,5
DA:48,5
DA:49,5
DA:50,5
DA:51,5
DA:52,4
DA:53,5
DA:54,5
DA:55,1
DA:56,3
DA:57,3
DA:58,3
DA:59,3
DA:60,0
DA:61,0
DA:62,3
DA:63,3
DA:64,3
DA:65,3
DA:66,3
DA:67,2
DA:68,3
DA:69,3
DA:70,1
DA:71,3
DA:72,3
DA:73,3
DA:74,3
DA:75,0
DA:76,0
DA:77,3
DA:78,3
DA:79,3
DA:80,3
DA:81,3
DA:82,3
DA:83,3
DA:84,3
DA:85,3
DA:86,3
DA:87,3
DA:88,1
DA:89,3
DA:90,3
DA:91,3
DA:92,3
DA:93,3
DA:94,3
DA:95,1
DA:96,1
DA:97,2
DA:98,2
DA:99,2
DA:100,2
DA:101,2
DA:102,2
DA:103,2
DA:104,1
DA:105,1
DA:106,1
DA:107,1
DA:108,1
DA:109,1
DA:110,1
DA:111,0
DA:112,0
DA:113,1
DA:114,1
DA:115,1
DA:116,1
DA:117,2
DA:118,2
DA:119,0
DA:120,0
DA:121,2
DA:122,2
DA:123,2
DA:124,2
DA:125,2
DA:126,1
DA:127,2
DA:128,2
DA:129,1
DA:130,2
DA:131,2
DA:132,2
DA:133,2
DA:134,0
DA:135,0
DA:136,2
DA:137,2
DA:138,2
DA:139,2
DA:140,2
DA:141,1
DA:142,2
DA:143,2
DA:144,1
DA:145,2
DA:146,2
DA:147,0
DA:148,0
DA:149,2
DA:150,2
DA:151,2
DA:152,2
DA:153,2
DA:154,2
DA:155,2
LF:155
LH:143
BRDA:11,0,0,44
BRDA:12,1,0,42
BRDA:15,2,0,5
BRDA:18,3,0,4
BRDA:18,4,0,1
BRDA:21,5,0,4
BRDA:24,6,0,2
BRDA:25,7,0,2
BRDA:30,8,0,5
BRDA:33,9,0,4
BRDA:33,10,0,1
BRDA:36,11,0,4
BRDA:39,12,0,1
BRDA:43,13,0,3
BRDA:46,14,0,3
BRDA:50,15,0,4
BRDA:51,16,0,4
BRDA:52,17,0,1
BRDA:56,18,0,3
BRDA:59,19,0,0
BRDA:66,20,0,2
BRDA:71,21,0,3
BRDA:74,22,0,0
BRDA:83,23,0,1
BRDA:86,24,0,2
BRDA:89,25,0,3
BRDA:94,26,0,1
BRDA:97,27,0,2
BRDA:105,28,0,1
BRDA:110,29,0,0
BRDA:117,30,0,2
BRDA:118,31,0,0
BRDA:125,32,0,1
BRDA:130,33,0,2
BRDA:133,34,0,0
BRDA:139,35,0,1
BRDA:140,36,0,1
BRDA:145,37,0,2
BRDA:146,38,0,0
BRF:39
BRH:33
end_of_record
TN:
SF:src\utils\uiStateMachine.ts
FN:10,isUiStateTransitionAllowed
FNF:1
FNH:1
FNDA:8,isUiStateTransitionAllowed
DA:1,1
DA:2,1
DA:3,1
DA:4,1
DA:5,1
DA:6,1
DA:7,1
DA:8,1
DA:9,1
DA:10,8
DA:11,8
DA:12,8
DA:13,8
DA:14,8
DA:15,1
DA:16,1
DA:17,7
DA:18,7
DA:19,7
LF:19
LH:19
BRDA:10,0,0,8
BRDA:14,1,0,1
BRDA:17,2,0,7
BRF:3
BRH:3
end_of_record
TN:
SF:src\utils\urlValidator.ts
FN:1,isValidUrl
FN:29,normalizeUrl
FNF:2
FNH:2
FNDA:3,isValidUrl
FNDA:1,normalizeUrl
DA:1,3
DA:2,3
DA:3,3
DA:4,3
DA:5,2
DA:6,2
DA:7,3
DA:8,3
DA:9,3
DA:10,3
DA:11,3
DA:12,3
DA:13,3
DA:14,3
DA:15,3
DA:16,3
DA:17,3
DA:18,3
DA:19,3
DA:20,2
DA:21,2
DA:22,1
DA:23,1
DA:24,3
DA:25,0
DA:26,0
DA:27,3
DA:28,1
DA:29,1
DA:30,1
DA:31,1
DA:32,1
DA:33,1
DA:34,1
DA:35,1
DA:36,1
DA:37,1
LF:37
LH:35
BRDA:1,0,0,3
BRDA:4,1,0,2
BRDA:4,2,0,2
BRDA:14,3,0,1
BRDA:15,4,0,1
BRDA:19,5,0,1
BRDA:19,6,0,2
BRDA:22,7,0,1
BRDA:24,8,0,0
BRDA:29,9,0,1
BRF:10
BRH:9
end_of_record
