TN:
SF:src\services\CoolifyService.ts
FN:230,get
FN:67,<instance_members_initializer>
FN:70,CoolifyService
FN:78,fetchWithAuth
FN:82,getApplications
FN:86,getDeployments
FN:90,getDeployment
FN:94,getDeploymentLogs
FN:99,startDeployment
FN:110,cancelDeployment
FN:122,executeApplicationAction
FN:133,startApplication
FN:137,stopApplication
FN:141,restartApplication
FN:145,listEnvironmentVariables
FN:153,createEnvironmentVariable
FN:169,updateEnvironmentVariable
FN:185,deleteEnvironmentVariable
FN:201,verifyToken
FN:215,testConnection
FNF:20
FNH:11
FNDA:0,get
FNDA:3,<instance_members_initializer>
FNDA:3,CoolifyService
FNDA:1,fetchWithAuth
FNDA:0,getApplications
FNDA:0,getDeployments
FNDA:0,getDeployment
FNDA:0,getDeploymentLogs
FNDA:1,startDeployment
FNDA:1,cancelDeployment
FNDA:1,executeApplicationAction
FNDA:1,startApplication
FNDA:0,stopApplication
FNDA:0,restartApplication
FNDA:1,listEnvironmentVariables
FNDA:1,createEnvironmentVariable
FNDA:1,updateEnvironmentVariable
FNDA:1,deleteEnvironmentVariable
FNDA:0,verifyToken
FNDA:0,testConnection
DA:1,1
DA:2,1
DA:3,1
DA:4,1
DA:5,1
DA:6,1
DA:7,1
DA:8,1
DA:9,1
DA:10,1
DA:11,1
DA:12,1
DA:13,1
DA:14,1
DA:15,1
DA:16,1
DA:17,1
DA:18,1
DA:19,1
DA:20,1
DA:21,1
DA:22,1
DA:23,1
DA:24,1
DA:25,1
DA:26,1
DA:27,1
DA:28,1
DA:29,1
DA:30,1
DA:31,1
DA:32,1
DA:33,1
DA:34,1
DA:35,1
DA:36,1
DA:37,1
DA:38,1
DA:39,1
DA:40,1
DA:41,1
DA:42,1
DA:43,1
DA:44,1
DA:45,1
DA:46,1
DA:47,1
DA:48,1
DA:49,1
DA:50,1
DA:51,1
DA:52,1
DA:53,1
DA:54,1
DA:55,1
DA:56,1
DA:57,1
DA:58,1
DA:59,1
DA:60,1
DA:61,1
DA:62,1
DA:63,1
DA:64,1
DA:65,1
DA:66,1
DA:67,1
DA:68,3
DA:69,3
DA:70,3
DA:71,3
DA:72,3
DA:73,3
DA:74,3
DA:75,3
DA:76,3
DA:77,3
DA:78,3
DA:79,1
DA:80,1
DA:81,3
DA:82,3
DA:83,0
DA:84,0
DA:85,3
DA:86,3
DA:87,0
DA:88,0
DA:89,3
DA:90,3
DA:91,0
DA:92,0
DA:93,3
DA:94,3
DA:95,0
DA:96,0
DA:97,0
DA:98,3
DA:99,3
DA:100,1
DA:101,1
DA:102,1
DA:103,1
DA:104,1
DA:105,0
DA:106,0
DA:107,0
DA:108,1
DA:109,3
DA:110,3
DA:111,1
DA:112,1
DA:113,1
DA:114,1
DA:115,1
DA:116,1
DA:117,0
DA:118,0
DA:119,0
DA:120,1
DA:121,3
DA:122,3
DA:123,1
DA:124,1
DA:125,1
DA:126,1
DA:127,1
DA:128,1
DA:129,1
DA:130,1
DA:131,1
DA:132,3
DA:133,3
DA:134,1
DA:135,1
DA:136,3
DA:137,3
DA:138,0
DA:139,0
DA:140,3
DA:141,3
DA:142,0
DA:143,0
DA:144,3
DA:145,3
DA:146,1
DA:147,1
DA:148,1
DA:149,1
DA:150,1
DA:151,1
DA:152,3
DA:153,3
DA:154,1
DA:155,1
DA:156,1
DA:157,1
DA:158,1
DA:159,1
DA:160,1
DA:161,1
DA:162,1
DA:163,1
DA:164,1
DA:165,1
DA:166,1
DA:167,1
DA:168,3
DA:169,3
DA:170,1
DA:171,1
DA:172,1
DA:173,1
DA:174,1
DA:175,1
DA:176,1
DA:177,1
DA:178,1
DA:179,1
DA:180,1
DA:181,1
DA:182,1
DA:183,1
DA:184,3
DA:185,3
DA:186,1
DA:187,1
DA:188,1
DA:189,1
DA:190,1
DA:191,1
DA:192,1
DA:193,1
DA:194,1
DA:195,1
DA:196,3
DA:197,3
DA:198,3
DA:199,3
DA:200,3
DA:201,3
DA:202,0
DA:203,0
DA:204,0
DA:205,0
DA:206,0
DA:207,0
DA:208,0
DA:209,0
DA:210,3
DA:211,3
DA:212,3
DA:213,3
DA:214,3
DA:215,3
DA:216,0
DA:217,0
DA:218,0
DA:219,0
DA:220,0
DA:221,0
DA:222,0
DA:223,0
DA:224,0
DA:225,0
DA:226,0
DA:227,0
DA:228,3
DA:229,1
DA:230,1
LF:230
LH:191
BRDA:67,0,0,3
BRDA:70,1,0,3
BRDA:78,2,0,1
BRDA:99,3,0,1
BRDA:104,4,0,0
BRDA:110,5,0,1
BRDA:116,6,0,0
BRDA:122,7,0,1
BRDA:130,8,0,0
BRDA:133,9,0,1
BRDA:145,10,0,1
BRDA:153,11,0,1
BRDA:169,12,0,1
BRDA:185,13,0,1
BRF:14
BRH:11
end_of_record
TN:
SF:src\services\HttpClient.ts
FN:11,<instance_members_initializer>
FN:12,CoolifyApiError
FN:31,<instance_members_initializer>
FN:36,HttpClient
FN:42,get
FN:46,request
FN:102,toApiError
FNF:7
FNH:7
FNDA:4,<instance_members_initializer>
FNDA:4,CoolifyApiError
FNDA:8,<instance_members_initializer>
FNDA:8,HttpClient
FNDA:8,get
FNDA:12,request
FNDA:2,toApiError
DA:1,1
DA:2,1
DA:3,1
DA:4,1
DA:5,1
DA:6,1
DA:7,1
DA:8,1
DA:9,1
DA:10,1
DA:11,1
DA:12,4
DA:13,4
DA:14,4
DA:15,4
DA:16,4
DA:17,4
DA:18,4
DA:19,4
DA:20,4
DA:21,4
DA:22,1
DA:23,1
DA:24,1
DA:25,1
DA:26,1
DA:27,1
DA:28,1
DA:29,1
DA:30,1
DA:31,1
DA:32,8
DA:33,8
DA:34,8
DA:35,8
DA:36,8
DA:37,8
DA:38,8
DA:39,8
DA:40,8
DA:41,8
DA:42,8
DA:43,8
DA:44,8
DA:45,8
DA:46,8
DA:47,12
DA:48,12
DA:49,12
DA:50,12
DA:51,12
DA:52,12
DA:53,12
DA:54,8
DA:55,8
DA:56,12
DA:57,12
DA:58,12
DA:59,12
DA:60,12
DA:61,12
DA:62,10
DA:63,12
DA:64,2
DA:65,2
DA:66,8
DA:67,12
DA:68,1
DA:69,1
DA:70,7
DA:71,12
DA:72,12
DA:73,7
DA:74,7
DA:75,0
DA:76,0
DA:77,12
DA:78,4
DA:79,2
DA:80,2
DA:81,2
DA:82,4
DA:83,1
DA:84,1
DA:85,1
DA:86,1
DA:87,1
DA:88,1
DA:89,1
DA:90,1
DA:91,1
DA:92,1
DA:93,1
DA:94,1
DA:95,1
DA:96,1
DA:97,12
DA:98,12
DA:99,12
DA:100,12
DA:101,8
DA:102,8
DA:103,2
DA:104,2
DA:105,2
DA:106,1
DA:107,1
DA:108,1
DA:109,1
DA:110,1
DA:111,1
DA:112,1
DA:113,1
DA:114,2
DA:115,0
DA:116,0
DA:117,0
DA:118,0
DA:119,0
DA:120,0
DA:121,0
DA:122,1
DA:123,2
DA:124,0
DA:125,0
DA:126,0
DA:127,0
DA:128,0
DA:129,0
DA:130,0
DA:131,1
DA:132,2
DA:133,0
DA:134,0
DA:135,0
DA:136,0
DA:137,0
DA:138,0
DA:139,0
DA:140,1
DA:141,1
DA:142,1
DA:143,1
DA:144,1
DA:145,1
DA:146,1
DA:147,1
DA:148,1
DA:149,0
DA:150,0
DA:151,0
DA:152,0
DA:153,0
DA:154,0
DA:155,0
DA:156,0
DA:157,8
LF:157
LH:126
BRDA:11,0,0,4
BRDA:12,1,0,4
BRDA:31,2,0,8
BRDA:36,3,0,8
BRDA:39,4,0,5
BRDA:42,5,0,8
BRDA:46,6,0,12
BRDA:53,7,0,8
BRDA:62,8,0,10
BRDA:63,9,0,2
BRDA:66,10,0,8
BRDA:67,11,0,1
BRDA:70,12,0,7
BRDA:71,13,0,0
BRDA:72,14,0,7
BRDA:75,15,0,0
BRDA:77,16,0,4
BRDA:78,17,0,2
BRDA:82,18,0,1
BRDA:82,19,0,1
BRDA:97,20,0,0
BRDA:102,21,0,2
BRDA:105,22,0,1
BRDA:114,23,0,0
BRDA:122,24,0,1
BRDA:123,25,0,0
BRDA:131,26,0,1
BRDA:132,27,0,0
BRDA:140,28,0,1
BRDA:149,29,0,0
BRF:30
BRH:23
end_of_record
TN:
SF:src\services\LoggerService.ts
FN:12,<static_initializer>
FN:12,<instance_members_initializer>
FN:20,LoggerService
FN:31,appendLine
FN:34,show
FN:38,tryGetVscodeApi
FN:51,getInstance
FN:59,show
FN:63,debug
FN:67,info
FN:71,warn
FN:75,error
FN:79,write
FN:100,shouldLog
FN:108,toSafeDetails
FN:133,redact
FNF:16
FNH:5
FNDA:1,<static_initializer>
FNDA:1,<instance_members_initializer>
FNDA:1,LoggerService
FNDA:0,appendLine
FNDA:0,show
FNDA:1,tryGetVscodeApi
FNDA:1,getInstance
FNDA:0,show
FNDA:0,debug
FNDA:0,info
FNDA:0,warn
FNDA:0,error
FNDA:0,write
FNDA:0,shouldLog
FNDA:0,toSafeDetails
FNDA:0,redact
DA:1,1
DA:2,1
DA:3,1
DA:4,1
DA:5,1
DA:6,1
DA:7,1
DA:8,1
DA:9,1
DA:10,1
DA:11,1
DA:12,1
DA:13,1
DA:14,1
DA:15,1
DA:16,1
DA:17,1
DA:18,1
DA:19,1
DA:20,1
DA:21,1
DA:22,1
DA:23,1
DA:24,0
DA:25,0
DA:26,0
DA:27,0
DA:28,0
DA:29,1
DA:30,1
DA:31,1
DA:32,0
DA:33,1
DA:34,1
DA:35,1
DA:36,1
DA:37,1
DA:38,1
DA:39,1
DA:40,1
DA:41,1
DA:42,0
DA:43,0
DA:44,1
DA:45,1
DA:46,1
DA:47,1
DA:48,1
DA:49,1
DA:50,1
DA:51,1
DA:52,1
DA:53,1
DA:54,1
DA:55,1
DA:56,1
DA:57,1
DA:58,1
DA:59,1
DA:60,0
DA:61,0
DA:62,1
DA:63,1
DA:64,0
DA:65,0
DA:66,1
DA:67,1
DA:68,0
DA:69,0
DA:70,1
DA:71,1
DA:72,0
DA:73,0
DA:74,1
DA:75,1
DA:76,0
DA:77,0
DA:78,1
DA:79,1
DA:80,0
DA:81,0
DA:82,0
DA:83,0
DA:84,0
DA:85,0
DA:86,0
DA:87,0
DA:88,0
DA:89,0
DA:90,0
DA:91,0
DA:92,0
DA:93,0
DA:94,0
DA:95,0
DA:96,0
DA:97,0
DA:98,0
DA:99,1
DA:100,1
DA:101,0
DA:102,0
DA:103,0
DA:104,0
DA:105,0
DA:106,0
DA:107,1
DA:108,1
DA:109,0
DA:110,0
DA:111,0
DA:112,0
DA:113,0
DA:114,0
DA:115,0
DA:116,0
DA:117,0
DA:118,0
DA:119,0
DA:120,0
DA:121,0
DA:122,0
DA:123,0
DA:124,0
DA:125,0
DA:126,0
DA:127,0
DA:128,0
DA:129,0
DA:130,0
DA:131,0
DA:132,1
DA:133,1
DA:134,0
DA:135,0
DA:136,0
DA:137,0
DA:138,0
DA:139,1
DA:140,1
DA:141,1
LF:141
LH:70
BRDA:12,0,0,1
BRDA:12,1,0,1
BRDA:20,2,0,1
BRDA:23,3,0,0
BRDA:38,4,0,1
BRDA:41,5,0,0
BRDA:51,6,0,1
BRF:7
BRH:5
end_of_record
TN:
SF:src\utils\envFile.ts
FN:9,parseQuotedValue
FN:26,parseRawValue
FN:44,parseEnvFile
FNF:3
FNH:3
FNDA:2,parseQuotedValue
FNDA:6,parseRawValue
FNDA:4,parseEnvFile
DA:1,1
DA:2,1
DA:3,1
DA:4,1
DA:5,1
DA:6,1
DA:7,1
DA:8,1
DA:9,2
DA:10,2
DA:11,2
DA:12,2
DA:13,2
DA:14,2
DA:15,1
DA:16,1
DA:17,1
DA:18,1
DA:19,1
DA:20,1
DA:21,1
DA:22,1
DA:23,1
DA:24,1
DA:25,1
DA:26,6
DA:27,6
DA:28,6
DA:29,0
DA:30,0
DA:31,6
DA:32,6
DA:33,2
DA:34,2
DA:35,4
DA:36,4
DA:37,6
DA:38,1
DA:39,1
DA:40,3
DA:41,3
DA:42,3
DA:43,1
DA:44,4
DA:45,4
DA:46,4
DA:47,4
DA:48,4
DA:49,9
DA:50,9
DA:51,1
DA:52,1
DA:53,8
DA:54,8
DA:55,9
DA:56,9
DA:57,9
DA:58,9
DA:59,9
DA:60,1
DA:61,1
DA:62,7
DA:63,7
DA:64,9
DA:65,1
DA:66,1
DA:67,6
DA:68,6
DA:69,6
DA:70,6
DA:71,6
DA:72,6
DA:73,6
DA:74,6
DA:75,6
DA:76,4
DA:77,4
DA:78,4
DA:79,4
LF:79
LH:77
BRDA:9,0,0,2
BRDA:12,1,0,0
BRDA:14,2,0,1
BRDA:26,3,0,6
BRDA:28,4,0,0
BRDA:32,5,0,5
BRDA:32,6,0,2
BRDA:35,7,0,4
BRDA:37,8,0,1
BRDA:40,9,0,3
BRDA:44,10,0,4
BRDA:48,11,0,9
BRDA:50,12,0,1
BRDA:53,13,0,8
BRDA:55,14,0,1
BRDA:56,15,0,7
BRDA:59,16,0,1
BRDA:62,17,0,7
BRDA:64,18,0,1
BRDA:67,19,0,6
BRF:20
BRH:18
end_of_record
TN:
SF:src\utils\urlValidator.ts
FN:1,isValidUrl
FN:29,normalizeUrl
FNF:2
FNH:2
FNDA:3,isValidUrl
FNDA:1,normalizeUrl
DA:1,3
DA:2,3
DA:3,3
DA:4,3
DA:5,2
DA:6,2
DA:7,3
DA:8,3
DA:9,3
DA:10,3
DA:11,3
DA:12,3
DA:13,3
DA:14,3
DA:15,3
DA:16,3
DA:17,3
DA:18,3
DA:19,3
DA:20,2
DA:21,2
DA:22,1
DA:23,1
DA:24,3
DA:25,0
DA:26,0
DA:27,3
DA:28,1
DA:29,1
DA:30,1
DA:31,1
DA:32,1
DA:33,1
DA:34,1
DA:35,1
DA:36,1
DA:37,1
LF:37
LH:35
BRDA:1,0,0,3
BRDA:4,1,0,2
BRDA:4,2,0,2
BRDA:14,3,0,1
BRDA:15,4,0,1
BRDA:19,5,0,1
BRDA:19,6,0,2
BRDA:22,7,0,1
BRDA:24,8,0,0
BRDA:29,9,0,1
BRF:10
BRH:9
end_of_record
